<?xml version="1.0" encoding="UTF-8"?>
<testng-results ignored="0" total="2" passed="2" failed="0" skipped="0">
  <reporter-output>
  </reporter-output>
  <suite started-at="2022-09-28T21:32:41 ICT" name="Default suite" finished-at="2022-09-28T21:32:58 ICT" duration-ms="17087">
    <groups>
      <group name="cucumber">
        <method signature="AbstractTestNGCucumberTests.runScenario(io.cucumber.testng.PickleWrapper,io.cucumber.testng.FeatureWrapper)[pri:0, instance:cucumber.framework.runner.jcadmin.JCAdminRunner@1a677343]" name="runScenario" class="io.cucumber.testng.AbstractTestNGCucumberTests"/>
      </group> <!-- cucumber -->
    </groups>
    <test started-at="2022-09-28T21:32:41 ICT" name="Default test" finished-at="2022-09-28T21:32:58 ICT" duration-ms="17087">
      <class name="cucumber.framework.runner.jcadmin.JCAdminRunner">
        <test-method is-config="true" signature="setUpClass(org.testng.ITestContext)[pri:0, instance:cucumber.framework.runner.jcadmin.JCAdminRunner@1a677343]" started-at="2022-09-28T21:32:41 ICT" name="setUpClass" finished-at="2022-09-28T21:32:41 ICT" duration-ms="588" status="PASS">
          <params>
            <param index="0">
              <value>
                <![CDATA[org.testng.TestRunner@76ac68b0]]>
              </value>
            </param>
          </params>
          <reporter-output>
          </reporter-output>
        </test-method> <!-- setUpClass -->
        <test-method signature="runScenario(io.cucumber.testng.PickleWrapper,io.cucumber.testng.FeatureWrapper)[pri:0, instance:cucumber.framework.runner.jcadmin.JCAdminRunner@1a677343]" started-at="2022-09-28T21:32:41 ICT" name="runScenario" description="Runs Cucumber Scenarios" data-provider="scenarios" finished-at="2022-09-28T21:32:51 ICT" duration-ms="9944" status="PASS">
          <params>
            <param index="0">
              <value>
                <![CDATA["Menambah daftar rincian biaya baru active"]]>
              </value>
            </param>
            <param index="1">
              <value>
                <![CDATA["Rincian Biaya"]]>
              </value>
            </param>
          </params>
          <reporter-output>
          </reporter-output>
        </test-method> <!-- runScenario -->
        <test-method signature="runScenario(io.cucumber.testng.PickleWrapper,io.cucumber.testng.FeatureWrapper)[pri:0, instance:cucumber.framework.runner.jcadmin.JCAdminRunner@1a677343]" started-at="2022-09-28T21:32:51 ICT" name="runScenario" description="Runs Cucumber Scenarios" data-provider="scenarios" finished-at="2022-09-28T21:32:56 ICT" duration-ms="4143" status="PASS">
          <params>
            <param index="0">
              <value>
                <![CDATA["Menambah daftar rincian biaya baru active"]]>
              </value>
            </param>
            <param index="1">
              <value>
                <![CDATA["Rincian Biaya"]]>
              </value>
            </param>
          </params>
          <reporter-output>
          </reporter-output>
        </test-method> <!-- runScenario -->
        <test-method is-config="true" signature="tearDownClass()[pri:0, instance:cucumber.framework.runner.jcadmin.JCAdminRunner@1a677343]" started-at="2022-09-28T21:32:56 ICT" name="tearDownClass" finished-at="2022-09-28T21:32:58 ICT" duration-ms="2350" status="PASS">
          <reporter-output>
          </reporter-output>
        </test-method> <!-- tearDownClass -->
      </class> <!-- cucumber.framework.runner.jcadmin.JCAdminRunner -->
    </test> <!-- Default test -->
  </suite> <!-- Default suite -->
</testng-results>
