<?xml version="1.0" encoding="UTF-8"?>
<testng-results ignored="0" total="4" passed="4" failed="0" skipped="0">
  <reporter-output>
  </reporter-output>
  <suite started-at="2022-10-02T23:24:01 ICT" name="Default suite" finished-at="2022-10-02T23:25:01 ICT" duration-ms="59968">
    <groups>
      <group name="cucumber">
        <method signature="AbstractTestNGCucumberTests.runScenario(io.cucumber.testng.PickleWrapper,io.cucumber.testng.FeatureWrapper)[pri:0, instance:cucumber.framework.runner.jcadmin.JCAdminRunner@1a677343]" name="runScenario" class="io.cucumber.testng.AbstractTestNGCucumberTests"/>
      </group> <!-- cucumber -->
    </groups>
    <test started-at="2022-10-02T23:24:01 ICT" name="Default test" finished-at="2022-10-02T23:25:01 ICT" duration-ms="59968">
      <class name="cucumber.framework.runner.jcadmin.JCAdminRunner">
        <test-method is-config="true" signature="setUpClass(org.testng.ITestContext)[pri:0, instance:cucumber.framework.runner.jcadmin.JCAdminRunner@1a677343]" started-at="2022-10-02T23:24:01 ICT" name="setUpClass" finished-at="2022-10-02T23:24:01 ICT" duration-ms="572" status="PASS">
          <params>
            <param index="0">
              <value>
                <![CDATA[org.testng.TestRunner@3dc39459]]>
              </value>
            </param>
          </params>
          <reporter-output>
          </reporter-output>
        </test-method> <!-- setUpClass -->
        <test-method signature="runScenario(io.cucumber.testng.PickleWrapper,io.cucumber.testng.FeatureWrapper)[pri:0, instance:cucumber.framework.runner.jcadmin.JCAdminRunner@1a677343]" started-at="2022-10-02T23:24:01 ICT" name="runScenario" description="Runs Cucumber Scenarios" data-provider="scenarios" finished-at="2022-10-02T23:24:21 ICT" duration-ms="20049" status="PASS">
          <params>
            <param index="0">
              <value>
                <![CDATA["Mengedit nama program di data pertama"]]>
              </value>
            </param>
            <param index="1">
              <value>
                <![CDATA["Rincian Biaya"]]>
              </value>
            </param>
          </params>
          <reporter-output>
          </reporter-output>
        </test-method> <!-- runScenario -->
        <test-method signature="runScenario(io.cucumber.testng.PickleWrapper,io.cucumber.testng.FeatureWrapper)[pri:0, instance:cucumber.framework.runner.jcadmin.JCAdminRunner@1a677343]" started-at="2022-10-02T23:24:21 ICT" name="runScenario" description="Runs Cucumber Scenarios" data-provider="scenarios" finished-at="2022-10-02T23:24:35 ICT" duration-ms="13820" status="PASS">
          <params>
            <param index="0">
              <value>
                <![CDATA["Mengedit harga awal di data pertama"]]>
              </value>
            </param>
            <param index="1">
              <value>
                <![CDATA["Rincian Biaya"]]>
              </value>
            </param>
          </params>
          <reporter-output>
          </reporter-output>
        </test-method> <!-- runScenario -->
        <test-method signature="runScenario(io.cucumber.testng.PickleWrapper,io.cucumber.testng.FeatureWrapper)[pri:0, instance:cucumber.framework.runner.jcadmin.JCAdminRunner@1a677343]" started-at="2022-10-02T23:24:35 ICT" name="runScenario" description="Runs Cucumber Scenarios" data-provider="scenarios" finished-at="2022-10-02T23:24:47 ICT" duration-ms="11542" status="PASS">
          <params>
            <param index="0">
              <value>
                <![CDATA["Mengedit diskon di data pertama"]]>
              </value>
            </param>
            <param index="1">
              <value>
                <![CDATA["Rincian Biaya"]]>
              </value>
            </param>
          </params>
          <reporter-output>
          </reporter-output>
        </test-method> <!-- runScenario -->
        <test-method signature="runScenario(io.cucumber.testng.PickleWrapper,io.cucumber.testng.FeatureWrapper)[pri:0, instance:cucumber.framework.runner.jcadmin.JCAdminRunner@1a677343]" started-at="2022-10-02T23:24:47 ICT" name="runScenario" description="Runs Cucumber Scenarios" data-provider="scenarios" finished-at="2022-10-02T23:24:58 ICT" duration-ms="11640" status="PASS">
          <params>
            <param index="0">
              <value>
                <![CDATA["Mengedit keunggulan1 di data pertama"]]>
              </value>
            </param>
            <param index="1">
              <value>
                <![CDATA["Rincian Biaya"]]>
              </value>
            </param>
          </params>
          <reporter-output>
          </reporter-output>
        </test-method> <!-- runScenario -->
        <test-method is-config="true" signature="tearDownClass()[pri:0, instance:cucumber.framework.runner.jcadmin.JCAdminRunner@1a677343]" started-at="2022-10-02T23:24:58 ICT" name="tearDownClass" finished-at="2022-10-02T23:25:01 ICT" duration-ms="2297" status="PASS">
          <reporter-output>
          </reporter-output>
        </test-method> <!-- tearDownClass -->
      </class> <!-- cucumber.framework.runner.jcadmin.JCAdminRunner -->
    </test> <!-- Default test -->
  </suite> <!-- Default suite -->
</testng-results>
